<?xml version="1.0" encoding="UTF-8"?>
<robot generator="Robot 7.3.2 (Python 3.13.9 on win32)" generated="2025-12-02T11:32:27.086521" rpa="false" schemaversion="5">
<suite id="s1" name="AppleMacbookTest" source="C:\Users\acer\Documents\RobotFramework\AmazonCommerce\Tests\AppleMacbookTest.robot">
<kw name="Open Browser To Amazon Home Page" owner="Common" type="SETUP">
<kw name="Open Browser" owner="SeleniumLibrary">
<msg time="2025-12-02T11:32:27.339412" level="INFO">Opening browser 'chrome' to base url 'https://www.amazon.in/'.</msg>
<arg>${AMAZON_URL}</arg>
<arg>chrome</arg>
<doc>Opens a new browser instance to the optional ``url``.</doc>
<status status="PASS" start="2025-12-02T11:32:27.338982" elapsed="3.683275"/>
</kw>
<kw name="Maximize Browser Window" owner="SeleniumLibrary">
<doc>Maximizes current browser window.</doc>
<status status="PASS" start="2025-12-02T11:32:31.022827" elapsed="0.141758"/>
</kw>
<status status="PASS" start="2025-12-02T11:32:27.338124" elapsed="3.826687"/>
</kw>
<test id="s1-t1" name="Verify Apple Macbook Product Availability" line="14">
<kw name="Search For Apple Macbook" owner="AppleMacbook">
<kw name="Input Text" owner="SeleniumLibrary">
<msg time="2025-12-02T11:32:31.167904" level="INFO">Typing text 'Apple Macbook' into text field 'id=twotabsearchtextbox'.</msg>
<arg>id=${SEARCH_BOX}</arg>
<arg>Apple Macbook</arg>
<doc>Types the given ``text`` into the text field identified by ``locator``.</doc>
<status status="PASS" start="2025-12-02T11:32:31.166909" elapsed="0.631027"/>
</kw>
<kw name="Click Button" owner="SeleniumLibrary">
<msg time="2025-12-02T11:32:31.799202" level="INFO">Clicking button 'id=nav-search-submit-button'.</msg>
<arg>id=${SEARCH_BUTTON}</arg>
<doc>Clicks the button identified by ``locator``.</doc>
<status status="PASS" start="2025-12-02T11:32:31.798606" elapsed="3.571405"/>
</kw>
<kw name="Wait Until Page Contains Element" owner="SeleniumLibrary">
<arg>css=${PRODUCT_LIST}</arg>
<doc>Waits until the element ``locator`` appears on the current page.</doc>
<status status="PASS" start="2025-12-02T11:32:35.370683" elapsed="0.088161"/>
</kw>
<status status="PASS" start="2025-12-02T11:32:31.166185" elapsed="4.292975"/>
</kw>
<kw name="Verify Apple Macbook Products Are Displayed" owner="AppleMacbook">
<kw name="Element Should Be Visible" owner="SeleniumLibrary">
<msg time="2025-12-02T11:32:35.743832" level="INFO">Element 'css=.s-main-slot' is displayed.</msg>
<arg>css=${PRODUCT_LIST}</arg>
<doc>Verifies that the element identified by ``locator`` is visible.</doc>
<status status="PASS" start="2025-12-02T11:32:35.460770" elapsed="0.283251"/>
</kw>
<kw name="Get WebElements" owner="SeleniumLibrary">
<msg time="2025-12-02T11:32:35.770198" level="INFO">${products} = [&lt;selenium.webdriver.remote.webelement.WebElement (session="1d7571876c7ee00ac0a24e62ce252c27", element="f.4273E2B2CFF6BEFC8543F1AD89897CAF.d.5DC55C2CF67146858DB27C18A820AD4B.e.320")&gt;, &lt;selenium.webdri...</msg>
<var>${products}</var>
<arg>css=${PRODUCT_LIST} .s-result-item</arg>
<doc>Returns a list of WebElement objects matching the ``locator``.</doc>
<status status="PASS" start="2025-12-02T11:32:35.744362" elapsed="0.025962"/>
</kw>
<status status="PASS" start="2025-12-02T11:32:35.459958" elapsed="0.310651"/>
</kw>
<kw name="Sort through High to Low Priced Products" owner="AppleMacbook">
<kw name="Click Element" owner="SeleniumLibrary">
<msg time="2025-12-02T11:32:35.772280" level="INFO">Clicking element 'class=a-dropdown-label'.</msg>
<arg>class=a-dropdown-label</arg>
<doc>Click the element identified by ``locator``.</doc>
<status status="PASS" start="2025-12-02T11:32:35.771918" elapsed="0.709037"/>
</kw>
<kw name="Click Element" owner="SeleniumLibrary">
<msg time="2025-12-02T11:32:36.482176" level="INFO">Clicking element 'xpath=//a[text()='Price: High to Low']'.</msg>
<arg>xpath=//a[text()='Price: High to Low']</arg>
<doc>Click the element identified by ``locator``.</doc>
<status status="PASS" start="2025-12-02T11:32:36.481676" elapsed="0.370605"/>
</kw>
<kw name="Wait Until Page Contains Element" owner="SeleniumLibrary">
<arg>css=${PRODUCT_LIST}</arg>
<doc>Waits until the element ``locator`` appears on the current page.</doc>
<status status="PASS" start="2025-12-02T11:32:36.852747" elapsed="0.033618"/>
</kw>
<kw name="Sleep" owner="BuiltIn">
<msg time="2025-12-02T11:32:39.887559" level="INFO">Slept 3 seconds.</msg>
<arg>3s</arg>
<doc>Pauses the test executed for the given time.</doc>
<status status="PASS" start="2025-12-02T11:32:36.886664" elapsed="3.001171"/>
</kw>
<doc>Sort the displayed Apple Macbook products from high to low price</doc>
<status status="PASS" start="2025-12-02T11:32:35.771326" elapsed="4.116787"/>
</kw>
<kw name="Page Scroll Down" owner="Common">
<kw name="Execute Javascript" owner="SeleniumLibrary">
<msg time="2025-12-02T11:32:39.891042" level="INFO">Executing JavaScript:
window.scrollTo(0, document.body.scrollHeight);
Without any arguments.</msg>
<arg>window.scrollTo(0, document.body.scrollHeight);</arg>
<doc>Executes the given JavaScript code with possible arguments.</doc>
<status status="PASS" start="2025-12-02T11:32:39.889882" elapsed="0.031694"/>
</kw>
<kw name="Sleep" owner="BuiltIn">
<msg time="2025-12-02T11:32:41.923620" level="INFO">Slept 2 seconds.</msg>
<arg>2s</arg>
<doc>Pauses the test executed for the given time.</doc>
<status status="PASS" start="2025-12-02T11:32:39.922020" elapsed="2.001936"/>
</kw>
<doc>Scroll down the page to load more products</doc>
<status status="PASS" start="2025-12-02T11:32:39.889111" elapsed="2.035130"/>
</kw>
<kw name="Page Scroll Up" owner="Common">
<kw name="Execute Javascript" owner="SeleniumLibrary">
<msg time="2025-12-02T11:32:41.926934" level="INFO">Executing JavaScript:
window.scrollTo(0, 0);
Without any arguments.</msg>
<arg>window.scrollTo(0, 0);</arg>
<doc>Executes the given JavaScript code with possible arguments.</doc>
<status status="PASS" start="2025-12-02T11:32:41.925951" elapsed="0.199566"/>
</kw>
<kw name="Sleep" owner="BuiltIn">
<msg time="2025-12-02T11:32:44.126961" level="INFO">Slept 2 seconds.</msg>
<arg>2s</arg>
<doc>Pauses the test executed for the given time.</doc>
<status status="PASS" start="2025-12-02T11:32:42.125999" elapsed="2.001142"/>
</kw>
<doc>Scroll up the page to the top</doc>
<status status="PASS" start="2025-12-02T11:32:41.925126" elapsed="2.202219"/>
</kw>
<kw name="Get Top 3 Expensive Apple Macbook Products" owner="AppleMacbook">
<kw name="Get WebElements" owner="SeleniumLibrary">
<msg time="2025-12-02T11:32:44.146749" level="INFO">${products} = [&lt;selenium.webdriver.remote.webelement.WebElement (session="1d7571876c7ee00ac0a24e62ce252c27", element="f.4273E2B2CFF6BEFC8543F1AD89897CAF.d.5DC55C2CF67146858DB27C18A820AD4B.e.469")&gt;, &lt;selenium.webdri...</msg>
<var>${products}</var>
<arg>css=${PRODUCT_LIST} .s-result-item</arg>
<doc>Returns a list of WebElement objects matching the ``locator``.</doc>
<status status="PASS" start="2025-12-02T11:32:44.128614" elapsed="0.018223"/>
</kw>
<kw name="Log To Console" owner="BuiltIn">
<arg>Top 3 Expensive Apple Macbook Products:</arg>
<doc>Logs the given message to the console.</doc>
<status status="PASS" start="2025-12-02T11:32:44.147188" elapsed="0.000532"/>
</kw>
<for flavor="IN RANGE">
<iter>
<kw name="Evaluate" owner="BuiltIn">
<msg time="2025-12-02T11:32:44.148881" level="INFO">${position} = 1</msg>
<var>${position}</var>
<arg>${index}+1</arg>
<doc>Evaluates the given expression in Python and returns the result.</doc>
<status status="PASS" start="2025-12-02T11:32:44.148523" elapsed="0.000410"/>
</kw>
<kw name="Get Text" owner="SeleniumLibrary">
<msg time="2025-12-02T11:32:44.186198" level="INFO">${product_name} = Apple 2023 MacBook Pro (16-inch, Apple M3 Max chip with 16‑core CPU and 40‑core GPU, 48GB Unified Memory, 1TB) - Silver</msg>
<var>${product_name}</var>
<arg>xpath=(//div[@data-component-type='s-search-result'])[${position}]//h2/span</arg>
<doc>Returns the text value of the element identified by ``locator``.</doc>
<status status="PASS" start="2025-12-02T11:32:44.149104" elapsed="0.037149"/>
</kw>
<kw name="Get Text" owner="SeleniumLibrary">
<msg time="2025-12-02T11:32:44.214167" level="INFO">${product_price} = 3,69,990</msg>
<var>${product_price}</var>
<arg>xpath=(//div[@data-component-type='s-search-result'])[${position}]//span[@class='a-price-whole']</arg>
<doc>Returns the text value of the element identified by ``locator``.</doc>
<status status="PASS" start="2025-12-02T11:32:44.186653" elapsed="0.027562"/>
</kw>
<kw name="Get Text" owner="SeleniumLibrary">
<msg time="2025-12-02T11:32:44.240311" level="INFO">${product_rating} = 3.8</msg>
<var>${product_rating}</var>
<arg>xpath=(//div[@data-component-type='s-search-result'])[${position}]//span[@class='a-size-small a-color-base']</arg>
<doc>Returns the text value of the element identified by ``locator``.</doc>
<status status="PASS" start="2025-12-02T11:32:44.214389" elapsed="0.026017"/>
</kw>
<kw name="Log To Console" owner="BuiltIn">
<arg>${position}. ${product_name} - Price: ₹${product_price}</arg>
<doc>Logs the given message to the console.</doc>
<status status="PASS" start="2025-12-02T11:32:44.240702" elapsed="0.000737"/>
</kw>
<kw name="Log To Console" owner="BuiltIn">
<arg>Rating: ${product_rating}</arg>
<doc>Logs the given message to the console.</doc>
<status status="PASS" start="2025-12-02T11:32:44.241727" elapsed="0.000471"/>
</kw>
<var name="${index}">0</var>
<status status="PASS" start="2025-12-02T11:32:44.148334" elapsed="0.093983"/>
</iter>
<iter>
<kw name="Evaluate" owner="BuiltIn">
<msg time="2025-12-02T11:32:44.242953" level="INFO">${position} = 2</msg>
<var>${position}</var>
<arg>${index}+1</arg>
<doc>Evaluates the given expression in Python and returns the result.</doc>
<status status="PASS" start="2025-12-02T11:32:44.242689" elapsed="0.000299"/>
</kw>
<kw name="Get Text" owner="SeleniumLibrary">
<msg time="2025-12-02T11:32:44.269830" level="INFO">${product_name} = Apple 2024 MacBook Pro Laptop with M4 Pro chip with 14‑core CPU and 20‑core GPU: Built for Apple Intelligence, (16.2″) Liquid Retina XDR Display, 48GB Unified Memory, 512GB SSD Storage; Silver</msg>
<var>${product_name}</var>
<arg>xpath=(//div[@data-component-type='s-search-result'])[${position}]//h2/span</arg>
<doc>Returns the text value of the element identified by ``locator``.</doc>
<status status="PASS" start="2025-12-02T11:32:44.243110" elapsed="0.026772"/>
</kw>
<kw name="Get Text" owner="SeleniumLibrary">
<msg time="2025-12-02T11:32:44.293974" level="INFO">${product_price} = 2,79,990</msg>
<var>${product_price}</var>
<arg>xpath=(//div[@data-component-type='s-search-result'])[${position}]//span[@class='a-price-whole']</arg>
<doc>Returns the text value of the element identified by ``locator``.</doc>
<status status="PASS" start="2025-12-02T11:32:44.270046" elapsed="0.023979"/>
</kw>
<kw name="Get Text" owner="SeleniumLibrary">
<msg time="2025-12-02T11:32:44.320943" level="INFO">${product_rating} = 4.4</msg>
<var>${product_rating}</var>
<arg>xpath=(//div[@data-component-type='s-search-result'])[${position}]//span[@class='a-size-small a-color-base']</arg>
<doc>Returns the text value of the element identified by ``locator``.</doc>
<status status="PASS" start="2025-12-02T11:32:44.294199" elapsed="0.026810"/>
</kw>
<kw name="Log To Console" owner="BuiltIn">
<arg>${position}. ${product_name} - Price: ₹${product_price}</arg>
<doc>Logs the given message to the console.</doc>
<status status="PASS" start="2025-12-02T11:32:44.321185" elapsed="0.000469"/>
</kw>
<kw name="Log To Console" owner="BuiltIn">
<arg>Rating: ${product_rating}</arg>
<doc>Logs the given message to the console.</doc>
<status status="PASS" start="2025-12-02T11:32:44.321838" elapsed="0.000362"/>
</kw>
<var name="${index}">1</var>
<status status="PASS" start="2025-12-02T11:32:44.242559" elapsed="0.079730"/>
</iter>
<iter>
<kw name="Evaluate" owner="BuiltIn">
<msg time="2025-12-02T11:32:44.322898" level="INFO">${position} = 3</msg>
<var>${position}</var>
<arg>${index}+1</arg>
<doc>Evaluates the given expression in Python and returns the result.</doc>
<status status="PASS" start="2025-12-02T11:32:44.322636" elapsed="0.000302"/>
</kw>
<kw name="Get Text" owner="SeleniumLibrary">
<msg time="2025-12-02T11:32:44.355006" level="INFO">${product_name} = Apple 2025 MacBook Pro Laptop with M5 chip, 10‑core CPU and 10‑core GPU: Built for Apple Intelligence, 35.97 cm (14.2″) Liquid Retina XDR Display, 24GB Unified Memory, 1TB SSD Storage; Space Black</msg>
<var>${product_name}</var>
<arg>xpath=(//div[@data-component-type='s-search-result'])[${position}]//h2/span</arg>
<doc>Returns the text value of the element identified by ``locator``.</doc>
<status status="PASS" start="2025-12-02T11:32:44.323179" elapsed="0.031920"/>
</kw>
<kw name="Get Text" owner="SeleniumLibrary">
<msg time="2025-12-02T11:32:44.386019" level="INFO">${product_price} = 2,02,990</msg>
<var>${product_price}</var>
<arg>xpath=(//div[@data-component-type='s-search-result'])[${position}]//span[@class='a-price-whole']</arg>
<doc>Returns the text value of the element identified by ``locator``.</doc>
<status status="PASS" start="2025-12-02T11:32:44.355382" elapsed="0.030736"/>
</kw>
<kw name="Get Text" owner="SeleniumLibrary">
<msg time="2025-12-02T11:32:44.410909" level="INFO">${product_rating} = 5.0</msg>
<var>${product_rating}</var>
<arg>xpath=(//div[@data-component-type='s-search-result'])[${position}]//span[@class='a-size-small a-color-base']</arg>
<doc>Returns the text value of the element identified by ``locator``.</doc>
<status status="PASS" start="2025-12-02T11:32:44.386408" elapsed="0.024613"/>
</kw>
<kw name="Log To Console" owner="BuiltIn">
<arg>${position}. ${product_name} - Price: ₹${product_price}</arg>
<doc>Logs the given message to the console.</doc>
<status status="PASS" start="2025-12-02T11:32:44.411383" elapsed="0.000784"/>
</kw>
<kw name="Log To Console" owner="BuiltIn">
<arg>Rating: ${product_rating}</arg>
<doc>Logs the given message to the console.</doc>
<status status="PASS" start="2025-12-02T11:32:44.412400" elapsed="0.000324"/>
</kw>
<var name="${index}">2</var>
<status status="PASS" start="2025-12-02T11:32:44.322512" elapsed="0.090278"/>
</iter>
<var>${index}</var>
<value>0</value>
<value>3</value>
<status status="PASS" start="2025-12-02T11:32:44.147905" elapsed="0.264942"/>
</for>
<doc>Retrieve the top 3 most expensive Apple Macbook products</doc>
<status status="PASS" start="2025-12-02T11:32:44.128120" elapsed="0.284840"/>
</kw>
<kw name="Get Price for Apple Macbook at Position" owner="AppleMacbook">
<kw name="Get Text" owner="SeleniumLibrary">
<msg time="2025-12-02T11:32:44.433402" level="INFO">${product_price} = 2,79,990</msg>
<var>${product_price}</var>
<arg>xpath=(//div[@data-component-type='s-search-result'])[${position}]//span[@class='a-price-whole']</arg>
<doc>Returns the text value of the element identified by ``locator``.</doc>
<status status="PASS" start="2025-12-02T11:32:44.413575" elapsed="0.019900"/>
</kw>
<kw name="Log To Console" owner="BuiltIn">
<arg>Price of Apple Macbook at position ${position}: ₹${product_price}</arg>
<doc>Logs the given message to the console.</doc>
<status status="PASS" start="2025-12-02T11:32:44.433682" elapsed="0.000586"/>
</kw>
<arg>2</arg>
<doc>Get the price of the Apple Macbook product at the specified position in the search results</doc>
<status status="PASS" start="2025-12-02T11:32:44.413272" elapsed="0.021152"/>
</kw>
<kw name="Get Prices for Apple 2025 Macbook Pro Models" owner="AppleMacbook">
<kw name="Input Text" owner="SeleniumLibrary">
<msg time="2025-12-02T11:32:44.435535" level="INFO">Typing text 'Apple 2025 Macbook Pro' into text field 'id=twotabsearchtextbox'.</msg>
<arg>id=${SEARCH_BOX}</arg>
<arg>Apple 2025 Macbook Pro</arg>
<doc>Types the given ``text`` into the text field identified by ``locator``.</doc>
<status status="PASS" start="2025-12-02T11:32:44.435221" elapsed="0.342113"/>
</kw>
<kw name="Click Button" owner="SeleniumLibrary">
<msg time="2025-12-02T11:32:44.777917" level="INFO">Clicking button 'id=nav-search-submit-button'.</msg>
<arg>id=${SEARCH_BUTTON}</arg>
<doc>Clicks the button identified by ``locator``.</doc>
<status status="PASS" start="2025-12-02T11:32:44.777598" elapsed="2.783349"/>
</kw>
<kw name="Wait Until Page Contains Element" owner="SeleniumLibrary">
<arg>css=${PRODUCT_LIST}</arg>
<doc>Waits until the element ``locator`` appears on the current page.</doc>
<status status="PASS" start="2025-12-02T11:32:47.561284" elapsed="0.020193"/>
</kw>
<kw name="Sleep" owner="BuiltIn">
<msg time="2025-12-02T11:32:50.582822" level="INFO">Slept 3 seconds.</msg>
<arg>3s</arg>
<doc>Pauses the test executed for the given time.</doc>
<status status="PASS" start="2025-12-02T11:32:47.581761" elapsed="3.001518"/>
</kw>
<kw name="Get WebElements" owner="SeleniumLibrary">
<msg time="2025-12-02T11:32:50.658685" level="INFO">${products} = [&lt;selenium.webdriver.remote.webelement.WebElement (session="1d7571876c7ee00ac0a24e62ce252c27", element="f.4273E2B2CFF6BEFC8543F1AD89897CAF.d.68C5C523C3C7288710437E89F14B0B38.e.604")&gt;, &lt;selenium.webdri...</msg>
<var>${products}</var>
<arg>css=${PRODUCT_LIST} .s-result-item</arg>
<doc>Returns a list of WebElement objects matching the ``locator``.</doc>
<status status="PASS" start="2025-12-02T11:32:50.583962" elapsed="0.074810"/>
</kw>
<kw name="Get Length" owner="BuiltIn">
<msg time="2025-12-02T11:32:50.659287" level="INFO">Length is 37.</msg>
<msg time="2025-12-02T11:32:50.659422" level="INFO">${count} = 37</msg>
<var>${count}</var>
<arg>${products}</arg>
<doc>Returns and logs the length of the given item as an integer.</doc>
<status status="PASS" start="2025-12-02T11:32:50.659029" elapsed="0.000443"/>
</kw>
<kw name="Log" owner="BuiltIn">
<msg time="2025-12-02T11:32:50.659895" level="INFO">Total Apple 2025 Macbook Pro products found: 37</msg>
<arg>Total Apple 2025 Macbook Pro products found: ${count}</arg>
<doc>Logs the given message with the given level.</doc>
<status status="PASS" start="2025-12-02T11:32:50.659668" elapsed="0.000316"/>
</kw>
<kw name="Log" owner="BuiltIn">
<msg time="2025-12-02T11:32:50.660327" level="INFO">Prices for Apple 2025 Macbook Pro Models:</msg>
<arg>Prices for Apple 2025 Macbook Pro Models:</arg>
<doc>Logs the given message with the given level.</doc>
<status status="PASS" start="2025-12-02T11:32:50.660167" elapsed="0.000238"/>
</kw>
<for flavor="IN RANGE">
<iter>
<kw name="Get Text" owner="SeleniumLibrary">
<msg time="2025-12-02T11:32:50.688700" level="INFO">${product_name} = Apple 2025 MacBook Air (13-inch, Apple M4 chip with 10-core CPU and 8-core GPU, 16GB Unified Memory, 256GB) - Midnight</msg>
<var>${product_name}</var>
<arg>xpath=(//div[@data-component-type='s-search-result'])[${index}]//h2/span</arg>
<doc>Returns the text value of the element identified by ``locator``.</doc>
<status status="PASS" start="2025-12-02T11:32:50.661099" elapsed="0.027680"/>
</kw>
<kw name="Get Text" owner="SeleniumLibrary">
<msg time="2025-12-02T11:32:50.712843" level="INFO">${product_price} = 91,900</msg>
<var>${product_price}</var>
<arg>xpath=(//div[@data-component-type='s-search-result'])[${index}]//span[@class='a-price-whole']</arg>
<doc>Returns the text value of the element identified by ``locator``.</doc>
<status status="PASS" start="2025-12-02T11:32:50.689009" elapsed="0.023892"/>
</kw>
<kw name="Log" owner="BuiltIn">
<msg time="2025-12-02T11:32:50.713390" level="INFO">1. Apple 2025 MacBook Air (13-inch, Apple M4 chip with 10-core CPU and 8-core GPU, 16GB Unified Memory, 256GB) - Midnight - Price: ₹91,900</msg>
<arg>${index}. ${product_name} - Price: ₹${product_price}</arg>
<doc>Logs the given message with the given level.</doc>
<status status="PASS" start="2025-12-02T11:32:50.713113" elapsed="0.000344"/>
</kw>
<var name="${index}">1</var>
<status status="PASS" start="2025-12-02T11:32:50.660930" elapsed="0.052589"/>
</iter>
<iter>
<kw name="Get Text" owner="SeleniumLibrary">
<msg time="2025-12-02T11:32:50.736067" level="INFO">${product_name} = Apple 2025 MacBook Pro Laptop with M5 chip, 10‑core CPU and 10‑core GPU: Built for Apple Intelligence, 35.97 cm (14.2″) Liquid Retina XDR Display, 16GB Unified Memory, 512GB SSD Storage; Space Black</msg>
<var>${product_name}</var>
<arg>xpath=(//div[@data-component-type='s-search-result'])[${index}]//h2/span</arg>
<doc>Returns the text value of the element identified by ``locator``.</doc>
<status status="PASS" start="2025-12-02T11:32:50.713802" elapsed="0.022329"/>
</kw>
<kw name="Get Text" owner="SeleniumLibrary">
<msg time="2025-12-02T11:32:50.758170" level="INFO">${product_price} = 1,64,490</msg>
<var>${product_price}</var>
<arg>xpath=(//div[@data-component-type='s-search-result'])[${index}]//span[@class='a-price-whole']</arg>
<doc>Returns the text value of the element identified by ``locator``.</doc>
<status status="PASS" start="2025-12-02T11:32:50.736344" elapsed="0.021886"/>
</kw>
<kw name="Log" owner="BuiltIn">
<msg time="2025-12-02T11:32:50.758682" level="INFO">2. Apple 2025 MacBook Pro Laptop with M5 chip, 10‑core CPU and 10‑core GPU: Built for Apple Intelligence, 35.97 cm (14.2″) Liquid Retina XDR Display, 16GB Unified Memory, 512GB SSD Storage; Space Black - Price: ₹1,64,490</msg>
<arg>${index}. ${product_name} - Price: ₹${product_price}</arg>
<doc>Logs the given message with the given level.</doc>
<status status="PASS" start="2025-12-02T11:32:50.758431" elapsed="0.000312"/>
</kw>
<var name="${index}">2</var>
<status status="PASS" start="2025-12-02T11:32:50.713679" elapsed="0.045119"/>
</iter>
<iter>
<kw name="Get Text" owner="SeleniumLibrary">
<msg time="2025-12-02T11:32:50.779444" level="INFO">${product_name} = Apple 2025 MacBook Pro Laptop with M5 chip, 10‑core CPU and 10‑core GPU: Built for Apple Intelligence, 35.97 cm (14.2″) Liquid Retina XDR Display, 16GB Unified Memory, 512GB SSD Storage; Space Black</msg>
<var>${product_name}</var>
<arg>xpath=(//div[@data-component-type='s-search-result'])[${index}]//h2/span</arg>
<doc>Returns the text value of the element identified by ``locator``.</doc>
<status status="PASS" start="2025-12-02T11:32:50.759049" elapsed="0.020447"/>
</kw>
<kw name="Get Text" owner="SeleniumLibrary">
<msg time="2025-12-02T11:32:50.797187" level="INFO">${product_price} = 1,64,490</msg>
<var>${product_price}</var>
<arg>xpath=(//div[@data-component-type='s-search-result'])[${index}]//span[@class='a-price-whole']</arg>
<doc>Returns the text value of the element identified by ``locator``.</doc>
<status status="PASS" start="2025-12-02T11:32:50.779655" elapsed="0.017609"/>
</kw>
<kw name="Log" owner="BuiltIn">
<msg time="2025-12-02T11:32:50.797697" level="INFO">3. Apple 2025 MacBook Pro Laptop with M5 chip, 10‑core CPU and 10‑core GPU: Built for Apple Intelligence, 35.97 cm (14.2″) Liquid Retina XDR Display, 16GB Unified Memory, 512GB SSD Storage; Space Black - Price: ₹1,64,490</msg>
<arg>${index}. ${product_name} - Price: ₹${product_price}</arg>
<doc>Logs the given message with the given level.</doc>
<status status="PASS" start="2025-12-02T11:32:50.797475" elapsed="0.000277"/>
</kw>
<var name="${index}">3</var>
<status status="PASS" start="2025-12-02T11:32:50.758941" elapsed="0.038861"/>
</iter>
<iter>
<kw name="Get Text" owner="SeleniumLibrary">
<msg time="2025-12-02T11:32:50.820515" level="INFO">${product_name} = Apple 2025 MacBook Pro Laptop with M5 chip, 10‑core CPU and 10‑core GPU: Built for Apple Intelligence, 35.97 cm (14.2″) Liquid Retina XDR Display, 24GB Unified Memory, 1TB SSD Storage; Space Black</msg>
<var>${product_name}</var>
<arg>xpath=(//div[@data-component-type='s-search-result'])[${index}]//h2/span</arg>
<doc>Returns the text value of the element identified by ``locator``.</doc>
<status status="PASS" start="2025-12-02T11:32:50.798037" elapsed="0.022533"/>
</kw>
<kw name="Get Text" owner="SeleniumLibrary">
<msg time="2025-12-02T11:32:50.843754" level="INFO">${product_price} = 2,02,990</msg>
<var>${product_price}</var>
<arg>xpath=(//div[@data-component-type='s-search-result'])[${index}]//span[@class='a-price-whole']</arg>
<doc>Returns the text value of the element identified by ``locator``.</doc>
<status status="PASS" start="2025-12-02T11:32:50.820751" elapsed="0.023056"/>
</kw>
<kw name="Log" owner="BuiltIn">
<msg time="2025-12-02T11:32:50.844320" level="INFO">4. Apple 2025 MacBook Pro Laptop with M5 chip, 10‑core CPU and 10‑core GPU: Built for Apple Intelligence, 35.97 cm (14.2″) Liquid Retina XDR Display, 24GB Unified Memory, 1TB SSD Storage; Space Black - Price: ₹2,02,990</msg>
<arg>${index}. ${product_name} - Price: ₹${product_price}</arg>
<doc>Logs the given message with the given level.</doc>
<status status="PASS" start="2025-12-02T11:32:50.844059" elapsed="0.000322"/>
</kw>
<var name="${index}">4</var>
<status status="PASS" start="2025-12-02T11:32:50.797931" elapsed="0.046504"/>
</iter>
<iter>
<kw name="Get Text" owner="SeleniumLibrary">
<msg time="2025-12-02T11:32:50.866680" level="INFO">${product_name} = Apple 2025 MacBook Pro Laptop with M5 chip, 10‑core CPU and 10‑core GPU: Built for Apple Intelligence, 35.97 cm (14.2″) Liquid Retina XDR Display, 24GB Unified Memory, 1TB SSD Storage; Silver</msg>
<var>${product_name}</var>
<arg>xpath=(//div[@data-component-type='s-search-result'])[${index}]//h2/span</arg>
<doc>Returns the text value of the element identified by ``locator``.</doc>
<status status="PASS" start="2025-12-02T11:32:50.844677" elapsed="0.022058"/>
</kw>
<kw name="Get Text" owner="SeleniumLibrary">
<msg time="2025-12-02T11:32:50.888888" level="INFO">${product_price} = 2,02,990</msg>
<var>${product_price}</var>
<arg>xpath=(//div[@data-component-type='s-search-result'])[${index}]//span[@class='a-price-whole']</arg>
<doc>Returns the text value of the element identified by ``locator``.</doc>
<status status="PASS" start="2025-12-02T11:32:50.866904" elapsed="0.022040"/>
</kw>
<kw name="Log" owner="BuiltIn">
<msg time="2025-12-02T11:32:50.889325" level="INFO">5. Apple 2025 MacBook Pro Laptop with M5 chip, 10‑core CPU and 10‑core GPU: Built for Apple Intelligence, 35.97 cm (14.2″) Liquid Retina XDR Display, 24GB Unified Memory, 1TB SSD Storage; Silver - Price: ₹2,02,990</msg>
<arg>${index}. ${product_name} - Price: ₹${product_price}</arg>
<doc>Logs the given message with the given level.</doc>
<status status="PASS" start="2025-12-02T11:32:50.889104" elapsed="0.000275"/>
</kw>
<var name="${index}">5</var>
<status status="PASS" start="2025-12-02T11:32:50.844572" elapsed="0.044855"/>
</iter>
<iter>
<kw name="Get Text" owner="SeleniumLibrary">
<msg time="2025-12-02T11:32:50.912677" level="INFO">${product_name} = Apple 2025 MacBook Pro Laptop with M5 chip, 10‑core CPU and 10‑core GPU: Built for Apple Intelligence, 35.97 cm (14.2″) Liquid Retina XDR Display, 16GB Unified Memory, 1TB SSD Storage; Space Black</msg>
<var>${product_name}</var>
<arg>xpath=(//div[@data-component-type='s-search-result'])[${index}]//h2/span</arg>
<doc>Returns the text value of the element identified by ``locator``.</doc>
<status status="PASS" start="2025-12-02T11:32:50.889633" elapsed="0.023105"/>
</kw>
<kw name="Get Text" owner="SeleniumLibrary">
<msg time="2025-12-02T11:32:50.935272" level="INFO">${product_price} = 1,83,490</msg>
<var>${product_price}</var>
<arg>xpath=(//div[@data-component-type='s-search-result'])[${index}]//span[@class='a-price-whole']</arg>
<doc>Returns the text value of the element identified by ``locator``.</doc>
<status status="PASS" start="2025-12-02T11:32:50.912924" elapsed="0.022397"/>
</kw>
<kw name="Log" owner="BuiltIn">
<msg time="2025-12-02T11:32:50.935713" level="INFO">6. Apple 2025 MacBook Pro Laptop with M5 chip, 10‑core CPU and 10‑core GPU: Built for Apple Intelligence, 35.97 cm (14.2″) Liquid Retina XDR Display, 16GB Unified Memory, 1TB SSD Storage; Space Black - Price: ₹1,83,490</msg>
<arg>${index}. ${product_name} - Price: ₹${product_price}</arg>
<doc>Logs the given message with the given level.</doc>
<status status="PASS" start="2025-12-02T11:32:50.935490" elapsed="0.000279"/>
</kw>
<var name="${index}">6</var>
<status status="PASS" start="2025-12-02T11:32:50.889542" elapsed="0.046276"/>
</iter>
<iter>
<kw name="Get Text" owner="SeleniumLibrary">
<msg time="2025-12-02T11:32:50.958790" level="INFO">${product_name} = Apple 2025 MacBook Pro Laptop with M5 chip, 10‑core CPU and 10‑core GPU: Built for Apple Intelligence, 35.97 cm (14.2″) Liquid Retina XDR Display, 16GB Unified Memory, 1TB SSD Storage; Silver</msg>
<var>${product_name}</var>
<arg>xpath=(//div[@data-component-type='s-search-result'])[${index}]//h2/span</arg>
<doc>Returns the text value of the element identified by ``locator``.</doc>
<status status="PASS" start="2025-12-02T11:32:50.936043" elapsed="0.022805"/>
</kw>
<kw name="Get Text" owner="SeleniumLibrary">
<msg time="2025-12-02T11:32:50.981859" level="INFO">${product_price} = 1,83,490</msg>
<var>${product_price}</var>
<arg>xpath=(//div[@data-component-type='s-search-result'])[${index}]//span[@class='a-price-whole']</arg>
<doc>Returns the text value of the element identified by ``locator``.</doc>
<status status="PASS" start="2025-12-02T11:32:50.959026" elapsed="0.022887"/>
</kw>
<kw name="Log" owner="BuiltIn">
<msg time="2025-12-02T11:32:50.982340" level="INFO">7. Apple 2025 MacBook Pro Laptop with M5 chip, 10‑core CPU and 10‑core GPU: Built for Apple Intelligence, 35.97 cm (14.2″) Liquid Retina XDR Display, 16GB Unified Memory, 1TB SSD Storage; Silver - Price: ₹1,83,490</msg>
<arg>${index}. ${product_name} - Price: ₹${product_price}</arg>
<doc>Logs the given message with the given level.</doc>
<status status="PASS" start="2025-12-02T11:32:50.982092" elapsed="0.000307"/>
</kw>
<var name="${index}">7</var>
<status status="PASS" start="2025-12-02T11:32:50.935947" elapsed="0.046507"/>
</iter>
<iter>
<kw name="Get Text" owner="SeleniumLibrary">
<msg time="2025-12-02T11:32:51.004983" level="INFO">${product_name} = Apple 2024 MacBook Pro Laptop with M4 Max chip with 14‑core CPU and 32‑core GPU: Built for Apple Intelligence, (14.2″) Liquid Retina XDR Display, 36GB Unified Memory, 1TB SSD Storage; Space Black</msg>
<var>${product_name}</var>
<arg>xpath=(//div[@data-component-type='s-search-result'])[${index}]//h2/span</arg>
<doc>Returns the text value of the element identified by ``locator``.</doc>
<status status="PASS" start="2025-12-02T11:32:50.982692" elapsed="0.022343"/>
</kw>
<kw name="Get Text" owner="SeleniumLibrary">
<msg time="2025-12-02T11:32:51.028823" level="INFO">${product_price} = 2,89,990</msg>
<var>${product_price}</var>
<arg>xpath=(//div[@data-component-type='s-search-result'])[${index}]//span[@class='a-price-whole']</arg>
<doc>Returns the text value of the element identified by ``locator``.</doc>
<status status="PASS" start="2025-12-02T11:32:51.005198" elapsed="0.023681"/>
</kw>
<kw name="Log" owner="BuiltIn">
<msg time="2025-12-02T11:32:51.029341" level="INFO">8. Apple 2024 MacBook Pro Laptop with M4 Max chip with 14‑core CPU and 32‑core GPU: Built for Apple Intelligence, (14.2″) Liquid Retina XDR Display, 36GB Unified Memory, 1TB SSD Storage; Space Black - Price: ₹2,89,990</msg>
<arg>${index}. ${product_name} - Price: ₹${product_price}</arg>
<doc>Logs the given message with the given level.</doc>
<status status="PASS" start="2025-12-02T11:32:51.029069" elapsed="0.000338"/>
</kw>
<var name="${index}">8</var>
<status status="PASS" start="2025-12-02T11:32:50.982590" elapsed="0.046878"/>
</iter>
<iter>
<kw name="Get Text" owner="SeleniumLibrary">
<msg time="2025-12-02T11:32:51.054303" level="INFO">${product_name} = Apple 2025 MacBook Air (13-inch, Apple M4 chip with 10-core CPU and 8-core GPU, 16GB Unified Memory, 256GB) - Midnight</msg>
<var>${product_name}</var>
<arg>xpath=(//div[@data-component-type='s-search-result'])[${index}]//h2/span</arg>
<doc>Returns the text value of the element identified by ``locator``.</doc>
<status status="PASS" start="2025-12-02T11:32:51.029732" elapsed="0.024627"/>
</kw>
<kw name="Get Text" owner="SeleniumLibrary">
<msg time="2025-12-02T11:32:51.078606" level="INFO">${product_price} = 91,900</msg>
<var>${product_price}</var>
<arg>xpath=(//div[@data-component-type='s-search-result'])[${index}]//span[@class='a-price-whole']</arg>
<doc>Returns the text value of the element identified by ``locator``.</doc>
<status status="PASS" start="2025-12-02T11:32:51.054544" elapsed="0.024118"/>
</kw>
<kw name="Log" owner="BuiltIn">
<msg time="2025-12-02T11:32:51.079312" level="INFO">9. Apple 2025 MacBook Air (13-inch, Apple M4 chip with 10-core CPU and 8-core GPU, 16GB Unified Memory, 256GB) - Midnight - Price: ₹91,900</msg>
<arg>${index}. ${product_name} - Price: ₹${product_price}</arg>
<doc>Logs the given message with the given level.</doc>
<status status="PASS" start="2025-12-02T11:32:51.079004" elapsed="0.000372"/>
</kw>
<var name="${index}">9</var>
<status status="PASS" start="2025-12-02T11:32:51.029618" elapsed="0.049829"/>
</iter>
<iter>
<kw name="Get Text" owner="SeleniumLibrary">
<msg time="2025-12-02T11:32:51.103162" level="INFO">${product_name} = Apple 2024 MacBook Pro Laptop with M4 Pro chip with 12‑core CPU and 16‑core GPU: Built for Apple Intelligence, (14.2″) Liquid Retina XDR Display, 24GB Unified Memory, 512GB SSD Storage; Silver</msg>
<var>${product_name}</var>
<arg>xpath=(//div[@data-component-type='s-search-result'])[${index}]//h2/span</arg>
<doc>Returns the text value of the element identified by ``locator``.</doc>
<status status="PASS" start="2025-12-02T11:32:51.079721" elapsed="0.023500"/>
</kw>
<kw name="Get Text" owner="SeleniumLibrary">
<msg time="2025-12-02T11:32:51.128993" level="INFO">${product_price} = 1,91,990</msg>
<var>${product_price}</var>
<arg>xpath=(//div[@data-component-type='s-search-result'])[${index}]//span[@class='a-price-whole']</arg>
<doc>Returns the text value of the element identified by ``locator``.</doc>
<status status="PASS" start="2025-12-02T11:32:51.103412" elapsed="0.025687"/>
</kw>
<kw name="Log" owner="BuiltIn">
<msg time="2025-12-02T11:32:51.129664" level="INFO">10. Apple 2024 MacBook Pro Laptop with M4 Pro chip with 12‑core CPU and 16‑core GPU: Built for Apple Intelligence, (14.2″) Liquid Retina XDR Display, 24GB Unified Memory, 512GB SSD Storage; Silver - Price: ₹1,91,990</msg>
<arg>${index}. ${product_name} - Price: ₹${product_price}</arg>
<doc>Logs the given message with the given level.</doc>
<status status="PASS" start="2025-12-02T11:32:51.129368" elapsed="0.000370"/>
</kw>
<var name="${index}">10</var>
<status status="PASS" start="2025-12-02T11:32:51.079602" elapsed="0.050206"/>
</iter>
<iter>
<kw name="Get Text" owner="SeleniumLibrary">
<msg time="2025-12-02T11:32:51.156080" level="INFO">${product_name} = Apple 2023 MacBook Pro (16-inch, Apple M3 Max chip with 16‑core CPU and 40‑core GPU, 48GB Unified Memory, 1TB) - Silver</msg>
<var>${product_name}</var>
<arg>xpath=(//div[@data-component-type='s-search-result'])[${index}]//h2/span</arg>
<doc>Returns the text value of the element identified by ``locator``.</doc>
<status status="PASS" start="2025-12-02T11:32:51.130102" elapsed="0.026035"/>
</kw>
<kw name="Get Text" owner="SeleniumLibrary">
<msg time="2025-12-02T11:32:51.181489" level="INFO">${product_price} = 3,69,990</msg>
<var>${product_price}</var>
<arg>xpath=(//div[@data-component-type='s-search-result'])[${index}]//span[@class='a-price-whole']</arg>
<doc>Returns the text value of the element identified by ``locator``.</doc>
<status status="PASS" start="2025-12-02T11:32:51.156321" elapsed="0.025221"/>
</kw>
<kw name="Log" owner="BuiltIn">
<msg time="2025-12-02T11:32:51.181967" level="INFO">11. Apple 2023 MacBook Pro (16-inch, Apple M3 Max chip with 16‑core CPU and 40‑core GPU, 48GB Unified Memory, 1TB) - Silver - Price: ₹3,69,990</msg>
<arg>${index}. ${product_name} - Price: ₹${product_price}</arg>
<doc>Logs the given message with the given level.</doc>
<status status="PASS" start="2025-12-02T11:32:51.181725" elapsed="0.000309"/>
</kw>
<var name="${index}">11</var>
<status status="PASS" start="2025-12-02T11:32:51.129974" elapsed="0.052118"/>
</iter>
<iter>
<kw name="Get Text" owner="SeleniumLibrary">
<msg time="2025-12-02T11:32:51.207414" level="INFO">${product_name} = Apple 2025 MacBook Air (15-inch, Apple M4 chip with 10-core CPU and 10-core GPU, 24GB Unified Memory, 512GB) - Midnight</msg>
<var>${product_name}</var>
<arg>xpath=(//div[@data-component-type='s-search-result'])[${index}]//h2/span</arg>
<doc>Returns the text value of the element identified by ``locator``.</doc>
<status status="PASS" start="2025-12-02T11:32:51.182343" elapsed="0.025131"/>
</kw>
<kw name="Get Text" owner="SeleniumLibrary">
<msg time="2025-12-02T11:32:51.231484" level="INFO">${product_price} = 1,50,990</msg>
<var>${product_price}</var>
<arg>xpath=(//div[@data-component-type='s-search-result'])[${index}]//span[@class='a-price-whole']</arg>
<doc>Returns the text value of the element identified by ``locator``.</doc>
<status status="PASS" start="2025-12-02T11:32:51.207677" elapsed="0.023858"/>
</kw>
<kw name="Log" owner="BuiltIn">
<msg time="2025-12-02T11:32:51.231954" level="INFO">12. Apple 2025 MacBook Air (15-inch, Apple M4 chip with 10-core CPU and 10-core GPU, 24GB Unified Memory, 512GB) - Midnight - Price: ₹1,50,990</msg>
<arg>${index}. ${product_name} - Price: ₹${product_price}</arg>
<doc>Logs the given message with the given level.</doc>
<status status="PASS" start="2025-12-02T11:32:51.231712" elapsed="0.000299"/>
</kw>
<var name="${index}">12</var>
<status status="PASS" start="2025-12-02T11:32:51.182235" elapsed="0.049831"/>
</iter>
<iter>
<kw name="Get Text" owner="SeleniumLibrary">
<msg time="2025-12-02T11:32:51.256095" level="INFO">${product_name} = Apple 2024 MacBook Pro Laptop with M4 Pro chip with 12‑core CPU and 16‑core GPU: Built for Apple Intelligence, (14.2″) Liquid Retina XDR Display, 24GB Unified Memory, 512GB SSD Storage; Space Black</msg>
<var>${product_name}</var>
<arg>xpath=(//div[@data-component-type='s-search-result'])[${index}]//h2/span</arg>
<doc>Returns the text value of the element identified by ``locator``.</doc>
<status status="PASS" start="2025-12-02T11:32:51.232320" elapsed="0.023835"/>
</kw>
<kw name="Get Text" owner="SeleniumLibrary">
<msg time="2025-12-02T11:32:51.280641" level="INFO">${product_price} = 1,87,990</msg>
<var>${product_price}</var>
<arg>xpath=(//div[@data-component-type='s-search-result'])[${index}]//span[@class='a-price-whole']</arg>
<doc>Returns the text value of the element identified by ``locator``.</doc>
<status status="PASS" start="2025-12-02T11:32:51.256346" elapsed="0.024349"/>
</kw>
<kw name="Log" owner="BuiltIn">
<msg time="2025-12-02T11:32:51.281125" level="INFO">13. Apple 2024 MacBook Pro Laptop with M4 Pro chip with 12‑core CPU and 16‑core GPU: Built for Apple Intelligence, (14.2″) Liquid Retina XDR Display, 24GB Unified Memory, 512GB SSD Storage; Space Black - Price: ₹1,87,990</msg>
<arg>${index}. ${product_name} - Price: ₹${product_price}</arg>
<doc>Logs the given message with the given level.</doc>
<status status="PASS" start="2025-12-02T11:32:51.280879" elapsed="0.000308"/>
</kw>
<var name="${index}">13</var>
<status status="PASS" start="2025-12-02T11:32:51.232202" elapsed="0.049051"/>
</iter>
<iter>
<kw name="Get Text" owner="SeleniumLibrary">
<msg time="2025-12-02T11:32:51.306427" level="INFO">${product_name} = Apple 2025 MacBook Air (13-inch, Apple M4 chip with 10-core CPU and 8-core GPU, 16GB Unified Memory, 256GB) - Sky Blue</msg>
<var>${product_name}</var>
<arg>xpath=(//div[@data-component-type='s-search-result'])[${index}]//h2/span</arg>
<doc>Returns the text value of the element identified by ``locator``.</doc>
<status status="PASS" start="2025-12-02T11:32:51.281517" elapsed="0.024969"/>
</kw>
<kw name="Get Text" owner="SeleniumLibrary">
<msg time="2025-12-02T11:32:51.331893" level="INFO">${product_price} = 91,900</msg>
<var>${product_price}</var>
<arg>xpath=(//div[@data-component-type='s-search-result'])[${index}]//span[@class='a-price-whole']</arg>
<doc>Returns the text value of the element identified by ``locator``.</doc>
<status status="PASS" start="2025-12-02T11:32:51.306738" elapsed="0.025215"/>
</kw>
<kw name="Log" owner="BuiltIn">
<msg time="2025-12-02T11:32:51.332403" level="INFO">14. Apple 2025 MacBook Air (13-inch, Apple M4 chip with 10-core CPU and 8-core GPU, 16GB Unified Memory, 256GB) - Sky Blue - Price: ₹91,900</msg>
<arg>${index}. ${product_name} - Price: ₹${product_price}</arg>
<doc>Logs the given message with the given level.</doc>
<status status="PASS" start="2025-12-02T11:32:51.332147" elapsed="0.000494"/>
</kw>
<var name="${index}">14</var>
<status status="PASS" start="2025-12-02T11:32:51.281411" elapsed="0.051296"/>
</iter>
<iter>
<kw name="Get Text" owner="SeleniumLibrary">
<msg time="2025-12-02T11:32:51.356469" level="INFO">${product_name} = Apple 2025 MacBook Air (15-inch, Apple M4 chip with 10-core CPU and 10-core GPU, 24GB Unified Memory, 512GB) - Starlight</msg>
<var>${product_name}</var>
<arg>xpath=(//div[@data-component-type='s-search-result'])[${index}]//h2/span</arg>
<doc>Returns the text value of the element identified by ``locator``.</doc>
<status status="PASS" start="2025-12-02T11:32:51.332988" elapsed="0.023530"/>
</kw>
<kw name="Get Text" owner="SeleniumLibrary">
<msg time="2025-12-02T11:32:51.379547" level="INFO">${product_price} = 1,59,990</msg>
<var>${product_price}</var>
<arg>xpath=(//div[@data-component-type='s-search-result'])[${index}]//span[@class='a-price-whole']</arg>
<doc>Returns the text value of the element identified by ``locator``.</doc>
<status status="PASS" start="2025-12-02T11:32:51.356700" elapsed="0.022897"/>
</kw>
<kw name="Log" owner="BuiltIn">
<msg time="2025-12-02T11:32:51.379989" level="INFO">15. Apple 2025 MacBook Air (15-inch, Apple M4 chip with 10-core CPU and 10-core GPU, 24GB Unified Memory, 512GB) - Starlight - Price: ₹1,59,990</msg>
<arg>${index}. ${product_name} - Price: ₹${product_price}</arg>
<doc>Logs the given message with the given level.</doc>
<status status="PASS" start="2025-12-02T11:32:51.379769" elapsed="0.000285"/>
</kw>
<var name="${index}">15</var>
<status status="PASS" start="2025-12-02T11:32:51.332867" elapsed="0.047240"/>
</iter>
<iter>
<kw name="Get Text" owner="SeleniumLibrary">
<msg time="2025-12-02T11:32:51.402600" level="INFO">${product_name} = Apple 2024 MacBook Pro Laptop with M4 Pro chip with 14‑core CPU and 20‑core GPU: Built for Apple Intelligence, (16.2″) Liquid Retina XDR Display, 48GB Unified Memory, 512GB SSD Storage; Silver</msg>
<var>${product_name}</var>
<arg>xpath=(//div[@data-component-type='s-search-result'])[${index}]//h2/span</arg>
<doc>Returns the text value of the element identified by ``locator``.</doc>
<status status="PASS" start="2025-12-02T11:32:51.380334" elapsed="0.022321"/>
</kw>
<kw name="Get Text" owner="SeleniumLibrary">
<msg time="2025-12-02T11:32:51.427461" level="INFO">${product_price} = 2,79,990</msg>
<var>${product_price}</var>
<arg>xpath=(//div[@data-component-type='s-search-result'])[${index}]//span[@class='a-price-whole']</arg>
<doc>Returns the text value of the element identified by ``locator``.</doc>
<status status="PASS" start="2025-12-02T11:32:51.402827" elapsed="0.024688"/>
</kw>
<kw name="Log" owner="BuiltIn">
<msg time="2025-12-02T11:32:51.427956" level="INFO">16. Apple 2024 MacBook Pro Laptop with M4 Pro chip with 14‑core CPU and 20‑core GPU: Built for Apple Intelligence, (16.2″) Liquid Retina XDR Display, 48GB Unified Memory, 512GB SSD Storage; Silver - Price: ₹2,79,990</msg>
<arg>${index}. ${product_name} - Price: ₹${product_price}</arg>
<doc>Logs the given message with the given level.</doc>
<status status="PASS" start="2025-12-02T11:32:51.427707" elapsed="0.000312"/>
</kw>
<var name="${index}">16</var>
<status status="PASS" start="2025-12-02T11:32:51.380237" elapsed="0.047842"/>
</iter>
<iter>
<kw name="Get Text" owner="SeleniumLibrary">
<msg time="2025-12-02T11:32:51.451490" level="INFO">${product_name} = Apple 2025 MacBook Air (13-inch, Apple M4 chip with 10-core CPU and 8-core GPU, 16GB Unified Memory, 256GB) - Silver</msg>
<var>${product_name}</var>
<arg>xpath=(//div[@data-component-type='s-search-result'])[${index}]//h2/span</arg>
<doc>Returns the text value of the element identified by ``locator``.</doc>
<status status="PASS" start="2025-12-02T11:32:51.428348" elapsed="0.023195"/>
</kw>
<kw name="Get Text" owner="SeleniumLibrary">
<msg time="2025-12-02T11:32:51.474162" level="INFO">${product_price} = 94,990</msg>
<var>${product_price}</var>
<arg>xpath=(//div[@data-component-type='s-search-result'])[${index}]//span[@class='a-price-whole']</arg>
<doc>Returns the text value of the element identified by ``locator``.</doc>
<status status="PASS" start="2025-12-02T11:32:51.451720" elapsed="0.022492"/>
</kw>
<kw name="Log" owner="BuiltIn">
<msg time="2025-12-02T11:32:51.474629" level="INFO">17. Apple 2025 MacBook Air (13-inch, Apple M4 chip with 10-core CPU and 8-core GPU, 16GB Unified Memory, 256GB) - Silver - Price: ₹94,990</msg>
<arg>${index}. ${product_name} - Price: ₹${product_price}</arg>
<doc>Logs the given message with the given level.</doc>
<status status="PASS" start="2025-12-02T11:32:51.474388" elapsed="0.000296"/>
</kw>
<var name="${index}">17</var>
<status status="PASS" start="2025-12-02T11:32:51.428227" elapsed="0.046509"/>
</iter>
<iter>
<kw name="Get Text" owner="SeleniumLibrary">
<msg time="2025-12-02T11:32:51.499195" level="INFO">${product_name} = Apple 2025 MacBook Air (15-inch, Apple M4 chip with 10-core CPU and 10-core GPU, 16GB Unified Memory, 256GB) - Sky Blue</msg>
<var>${product_name}</var>
<arg>xpath=(//div[@data-component-type='s-search-result'])[${index}]//h2/span</arg>
<doc>Returns the text value of the element identified by ``locator``.</doc>
<status status="PASS" start="2025-12-02T11:32:51.474971" elapsed="0.024279"/>
</kw>
<kw name="Get Text" owner="SeleniumLibrary">
<msg time="2025-12-02T11:32:51.523184" level="INFO">${product_price} = 1,19,490</msg>
<var>${product_price}</var>
<arg>xpath=(//div[@data-component-type='s-search-result'])[${index}]//span[@class='a-price-whole']</arg>
<doc>Returns the text value of the element identified by ``locator``.</doc>
<status status="PASS" start="2025-12-02T11:32:51.499443" elapsed="0.023797"/>
</kw>
<kw name="Log" owner="BuiltIn">
<msg time="2025-12-02T11:32:51.523697" level="INFO">18. Apple 2025 MacBook Air (15-inch, Apple M4 chip with 10-core CPU and 10-core GPU, 16GB Unified Memory, 256GB) - Sky Blue - Price: ₹1,19,490</msg>
<arg>${index}. ${product_name} - Price: ₹${product_price}</arg>
<doc>Logs the given message with the given level.</doc>
<status status="PASS" start="2025-12-02T11:32:51.523439" elapsed="0.000319"/>
</kw>
<var name="${index}">18</var>
<status status="PASS" start="2025-12-02T11:32:51.474868" elapsed="0.048949"/>
</iter>
<iter>
<kw name="Get Text" owner="SeleniumLibrary">
<msg time="2025-12-02T11:32:51.549992" level="INFO">${product_name} = EooCoo Keyboard Cover for 2025 2024-2021 M4 M3 M2 MacBook Air 13.6"15" A3240 A3113 A2681 A3241 A3114 A2941,Pro 14"16" M5 M4 M3 M2 M1 A3434 A3112 A3185 A3401 A3403 A2442 Ultra Thin Protector Skin-Clear</msg>
<var>${product_name}</var>
<arg>xpath=(//div[@data-component-type='s-search-result'])[${index}]//h2/span</arg>
<doc>Returns the text value of the element identified by ``locator``.</doc>
<status status="PASS" start="2025-12-02T11:32:51.524072" elapsed="0.025980"/>
</kw>
<kw name="Get Text" owner="SeleniumLibrary">
<msg time="2025-12-02T11:32:51.575623" level="INFO">${product_price} = 297</msg>
<var>${product_price}</var>
<arg>xpath=(//div[@data-component-type='s-search-result'])[${index}]//span[@class='a-price-whole']</arg>
<doc>Returns the text value of the element identified by ``locator``.</doc>
<status status="PASS" start="2025-12-02T11:32:51.550256" elapsed="0.025420"/>
</kw>
<kw name="Log" owner="BuiltIn">
<msg time="2025-12-02T11:32:51.576119" level="INFO">19. EooCoo Keyboard Cover for 2025 2024-2021 M4 M3 M2 MacBook Air 13.6"15" A3240 A3113 A2681 A3241 A3114 A2941,Pro 14"16" M5 M4 M3 M2 M1 A3434 A3112 A3185 A3401 A3403 A2442 Ultra Thin Protector Skin-Clear - Price: ₹297</msg>
<arg>${index}. ${product_name} - Price: ₹${product_price}</arg>
<doc>Logs the given message with the given level.</doc>
<status status="PASS" start="2025-12-02T11:32:51.575861" elapsed="0.000318"/>
</kw>
<var name="${index}">19</var>
<status status="PASS" start="2025-12-02T11:32:51.523959" elapsed="0.052359"/>
</iter>
<iter>
<kw name="Get Text" owner="SeleniumLibrary">
<msg time="2025-12-02T11:32:51.598482" level="INFO">${product_name} = Apple 2023 MacBook Pro (16-inch, Apple M3 Max chip with 16‑core CPU and 40‑core GPU, 48GB Unified Memory, 1TB) - Silver</msg>
<var>${product_name}</var>
<arg>xpath=(//div[@data-component-type='s-search-result'])[${index}]//h2/span</arg>
<doc>Returns the text value of the element identified by ``locator``.</doc>
<status status="PASS" start="2025-12-02T11:32:51.576551" elapsed="0.021982"/>
</kw>
<kw name="Get Text" owner="SeleniumLibrary">
<msg time="2025-12-02T11:32:51.621512" level="INFO">${product_price} = 3,69,990</msg>
<var>${product_price}</var>
<arg>xpath=(//div[@data-component-type='s-search-result'])[${index}]//span[@class='a-price-whole']</arg>
<doc>Returns the text value of the element identified by ``locator``.</doc>
<status status="PASS" start="2025-12-02T11:32:51.598706" elapsed="0.022855"/>
</kw>
<kw name="Log" owner="BuiltIn">
<msg time="2025-12-02T11:32:51.621971" level="INFO">20. Apple 2023 MacBook Pro (16-inch, Apple M3 Max chip with 16‑core CPU and 40‑core GPU, 48GB Unified Memory, 1TB) - Silver - Price: ₹3,69,990</msg>
<arg>${index}. ${product_name} - Price: ₹${product_price}</arg>
<doc>Logs the given message with the given level.</doc>
<status status="PASS" start="2025-12-02T11:32:51.621737" elapsed="0.000298"/>
</kw>
<var name="${index}">20</var>
<status status="PASS" start="2025-12-02T11:32:51.576449" elapsed="0.045639"/>
</iter>
<iter>
<kw name="Get Text" owner="SeleniumLibrary">
<msg time="2025-12-02T11:32:51.644718" level="INFO">${product_name} = HP OmniBook 7 OLED, Intel Core Ultra 7 255H (32GB LPDDR5,1TB SSD), 3K, 0.2 ms, Micro-Edge, 14''/35.6cm, Win 11, M365, Office 24, Meteor Silver,1.5kg, fr0116TU, 5MP Camera w/Shutter, Backlit AI Laptop</msg>
<var>${product_name}</var>
<arg>xpath=(//div[@data-component-type='s-search-result'])[${index}]//h2/span</arg>
<doc>Returns the text value of the element identified by ``locator``.</doc>
<status status="PASS" start="2025-12-02T11:32:51.622311" elapsed="0.022461"/>
</kw>
<kw name="Get Text" owner="SeleniumLibrary">
<msg time="2025-12-02T11:32:51.667582" level="INFO">${product_price} = 1,09,990</msg>
<var>${product_price}</var>
<arg>xpath=(//div[@data-component-type='s-search-result'])[${index}]//span[@class='a-price-whole']</arg>
<doc>Returns the text value of the element identified by ``locator``.</doc>
<status status="PASS" start="2025-12-02T11:32:51.644947" elapsed="0.022686"/>
</kw>
<kw name="Log" owner="BuiltIn">
<msg time="2025-12-02T11:32:51.668037" level="INFO">21. HP OmniBook 7 OLED, Intel Core Ultra 7 255H (32GB LPDDR5,1TB SSD), 3K, 0.2 ms, Micro-Edge, 14''/35.6cm, Win 11, M365, Office 24, Meteor Silver,1.5kg, fr0116TU, 5MP Camera w/Shutter, Backlit AI Laptop - Price: ₹1,09,990</msg>
<arg>${index}. ${product_name} - Price: ₹${product_price}</arg>
<doc>Logs the given message with the given level.</doc>
<status status="PASS" start="2025-12-02T11:32:51.667811" elapsed="0.000296"/>
</kw>
<var name="${index}">21</var>
<status status="PASS" start="2025-12-02T11:32:51.622213" elapsed="0.045948"/>
</iter>
<iter>
<kw name="Get Text" owner="SeleniumLibrary">
<msg time="2025-12-02T11:32:51.690234" level="INFO">${product_name} = Apple 2024 MacBook Pro Laptop with M4 Pro chip with 12‑core CPU and 16‑core GPU: Built for Apple Intelligence, (14.2″) Liquid Retina XDR Display, 24GB Unified Memory, 512GB SSD Storage; Space Black</msg>
<var>${product_name}</var>
<arg>xpath=(//div[@data-component-type='s-search-result'])[${index}]//h2/span</arg>
<doc>Returns the text value of the element identified by ``locator``.</doc>
<status status="PASS" start="2025-12-02T11:32:51.668408" elapsed="0.021881"/>
</kw>
<kw name="Get Text" owner="SeleniumLibrary">
<msg time="2025-12-02T11:32:51.713211" level="INFO">${product_price} = 1,87,990</msg>
<var>${product_price}</var>
<arg>xpath=(//div[@data-component-type='s-search-result'])[${index}]//span[@class='a-price-whole']</arg>
<doc>Returns the text value of the element identified by ``locator``.</doc>
<status status="PASS" start="2025-12-02T11:32:51.690465" elapsed="0.022794"/>
</kw>
<kw name="Log" owner="BuiltIn">
<msg time="2025-12-02T11:32:51.713665" level="INFO">22. Apple 2024 MacBook Pro Laptop with M4 Pro chip with 12‑core CPU and 16‑core GPU: Built for Apple Intelligence, (14.2″) Liquid Retina XDR Display, 24GB Unified Memory, 512GB SSD Storage; Space Black - Price: ₹1,87,990</msg>
<arg>${index}. ${product_name} - Price: ₹${product_price}</arg>
<doc>Logs the given message with the given level.</doc>
<status status="PASS" start="2025-12-02T11:32:51.713428" elapsed="0.000293"/>
</kw>
<var name="${index}">22</var>
<status status="PASS" start="2025-12-02T11:32:51.668294" elapsed="0.045493"/>
</iter>
<iter>
<kw name="Get Text" owner="SeleniumLibrary">
<msg time="2025-12-02T11:32:51.965574" level="INFO" html="true">&lt;/td&gt;&lt;/tr&gt;&lt;tr&gt;&lt;td colspan="3"&gt;&lt;a href="selenium-screenshot-2.png"&gt;&lt;img src="selenium-screenshot-2.png" width="800px"&gt;&lt;/a&gt;</msg>
<msg time="2025-12-02T11:32:51.965776" level="FAIL">Element with locator 'xpath=(//div[@data-component-type='s-search-result'])[23]//h2/span' not found.</msg>
<var>${product_name}</var>
<arg>xpath=(//div[@data-component-type='s-search-result'])[${index}]//h2/span</arg>
<doc>Returns the text value of the element identified by ``locator``.</doc>
<status status="FAIL" start="2025-12-02T11:32:51.714015" elapsed="0.254638">Element with locator 'xpath=(//div[@data-component-type='s-search-result'])[23]//h2/span' not found.</status>
</kw>
<kw name="Get Text" owner="SeleniumLibrary">
<var>${product_price}</var>
<arg>xpath=(//div[@data-component-type='s-search-result'])[${index}]//span[@class='a-price-whole']</arg>
<doc>Returns the text value of the element identified by ``locator``.</doc>
<status status="NOT RUN" start="2025-12-02T11:32:51.968833" elapsed="0.000037"/>
</kw>
<kw name="Log" owner="BuiltIn">
<arg>${index}. ${product_name} - Price: ₹${product_price}</arg>
<doc>Logs the given message with the given level.</doc>
<status status="NOT RUN" start="2025-12-02T11:32:51.968977" elapsed="0.000029"/>
</kw>
<var name="${index}">23</var>
<status status="FAIL" start="2025-12-02T11:32:51.713915" elapsed="0.255165">Element with locator 'xpath=(//div[@data-component-type='s-search-result'])[23]//h2/span' not found.</status>
</iter>
<var>${index}</var>
<value>1</value>
<value>${count}</value>
<status status="FAIL" start="2025-12-02T11:32:50.660554" elapsed="1.308606">Element with locator 'xpath=(//div[@data-component-type='s-search-result'])[23]//h2/span' not found.</status>
</for>
<doc>Retrieve prices for Apple 2025 Macbook Pro models</doc>
<status status="FAIL" start="2025-12-02T11:32:44.434847" elapsed="7.534467">Element with locator 'xpath=(//div[@data-component-type='s-search-result'])[23]//h2/span' not found.</status>
</kw>
<doc>Verify that Apple Macbook products are available on Amazon</doc>
<status status="FAIL" start="2025-12-02T11:32:31.164948" elapsed="20.804748">Element with locator 'xpath=(//div[@data-component-type='s-search-result'])[23]//h2/span' not found.</status>
</test>
<kw name="Run Keywords" owner="BuiltIn" type="TEARDOWN">
<kw name="Delete All Cookies" owner="SeleniumLibrary">
<doc>Deletes all cookies.</doc>
<status status="PASS" start="2025-12-02T11:32:51.971131" elapsed="0.077702"/>
</kw>
<kw name="Close All Browsers" owner="SeleniumLibrary">
<doc>Closes all open browsers and resets the browser cache.</doc>
<status status="PASS" start="2025-12-02T11:32:52.049068" elapsed="2.238216"/>
</kw>
<arg>Delete All Cookies</arg>
<arg>Close All Browsers</arg>
<doc>Executes all the given keywords in a sequence.</doc>
<status status="PASS" start="2025-12-02T11:32:51.970942" elapsed="2.316810"/>
</kw>
<doc>Test suite for Apple Macbook products on Amazon</doc>
<status status="FAIL" start="2025-12-02T11:32:27.088385" elapsed="27.199843"/>
</suite>
<statistics>
<total>
<stat pass="0" fail="1" skip="0">All Tests</stat>
</total>
<tag>
</tag>
<suite>
<stat name="AppleMacbookTest" id="s1" pass="0" fail="1" skip="0">AppleMacbookTest</stat>
</suite>
</statistics>
<errors>
</errors>
</robot>
